Started GET "/" for ::1 at 2019-07-30 09:26:23 -0300
Processing by Rails::WelcomeController#index as HTML
  Rendering /home/sblanco/.rvm/gems/ruby-2.6.3/gems/railties-5.2.3/lib/rails/templates/rails/welcome/index.html.erb
  Rendered /home/sblanco/.rvm/gems/ruby-2.6.3/gems/railties-5.2.3/lib/rails/templates/rails/welcome/index.html.erb (2.0ms)
Completed 200 OK in 8ms (Views: 4.8ms | ActiveRecord: 0.0ms)


Started GET "/" for ::1 at 2019-07-30 09:38:33 -0300
Processing by HomeController#index as HTML
  Rendering home/index.html.erb within layouts/application
  Rendered home/index.html.erb within layouts/application (0.3ms)
Completed 500 Internal Server Error in 155ms (ActiveRecord: 0.0ms)


  
ActionView::Template::Error (couldn't find file 'jquery' with type 'application/javascript'
Checked in these paths: 
  /home/sblanco/git/simple-rss/app/assets/config
  /home/sblanco/git/simple-rss/app/assets/images
  /home/sblanco/git/simple-rss/app/assets/javascripts
  /home/sblanco/git/simple-rss/app/assets/stylesheets
  /home/sblanco/.rvm/gems/ruby-2.6.3/gems/handlebars_assets-0.23.4/vendor/assets/javascripts
  /home/sblanco/.rvm/gems/ruby-2.6.3/gems/backbone-on-rails-1.2.0.0/vendor/assets/javascripts
  /home/sblanco/.rvm/gems/ruby-2.6.3/gems/coffee-rails-4.2.2/lib/assets/javascripts
  /home/sblanco/.rvm/gems/ruby-2.6.3/gems/actioncable-5.2.3/lib/assets/compiled
  /home/sblanco/.rvm/gems/ruby-2.6.3/gems/activestorage-5.2.3/app/assets/javascripts
  /home/sblanco/.rvm/gems/ruby-2.6.3/gems/actionview-5.2.3/lib/assets/compiled
  /home/sblanco/.rvm/gems/ruby-2.6.3/gems/turbolinks-source-5.2.0/lib/assets/javascripts
  /home/sblanco/git/simple-rss/node_modules):
     5:     <%= csrf_meta_tags %>
     6:     <%= csp_meta_tag %>
     7: 
     8:     <%= stylesheet_link_tag    'application', media: 'all', 'data-turbolinks-track': 'reload' %>
     9:     <%= javascript_include_tag 'application', 'data-turbolinks-track': 'reload' %>
    10:   </head>
    11: 
  
app/assets/javascripts/application.js:13
app/views/layouts/application.html.erb:8:in `_app_views_layouts_application_html_erb___3430184620728222803_69942237934960'
Started GET "/" for ::1 at 2019-07-30 09:39:59 -0300
Processing by HomeController#index as HTML
  Rendering home/index.html.erb within layouts/application
  Rendered home/index.html.erb within layouts/application (0.3ms)
Started GET "/" for ::1 at 2019-07-30 09:40:00 -0300
Processing by HomeController#index as HTML
  Rendering home/index.html.erb within layouts/application
  Rendered home/index.html.erb within layouts/application (0.3ms)
Completed 200 OK in 1245ms (Views: 1242.5ms | ActiveRecord: 0.0ms)


Completed 200 OK in 325ms (Views: 324.0ms | ActiveRecord: 0.0ms)


Started GET "/" for ::1 at 2019-07-30 09:40:56 -0300
Processing by HomeController#index as HTML
  Rendering home/index.html.erb within layouts/application
  Rendered home/index.html.erb within layouts/application (0.2ms)
Completed 200 OK in 13ms (Views: 12.2ms | ActiveRecord: 0.0ms)


Started GET "/" for ::1 at 2019-07-30 09:42:07 -0300
Processing by HomeController#index as HTML
  Rendering home/index.html.erb within layouts/application
  Rendered home/index.html.erb within layouts/application (0.2ms)
Completed 200 OK in 173ms (Views: 172.5ms | ActiveRecord: 0.0ms)


Started GET "/" for ::1 at 2019-07-30 09:42:37 -0300
Processing by HomeController#index as HTML
  Rendering home/index.html.erb within layouts/application
  Rendered home/index.html.erb within layouts/application (0.3ms)
Completed 200 OK in 155ms (Views: 154.1ms | ActiveRecord: 0.0ms)


Started GET "/" for ::1 at 2019-07-30 09:42:39 -0300
Processing by HomeController#index as HTML
  Rendering home/index.html.erb within layouts/application
  Rendered home/index.html.erb within layouts/application (0.3ms)
Completed 200 OK in 16ms (Views: 15.4ms | ActiveRecord: 0.0ms)


Started GET "/" for ::1 at 2019-07-30 09:42:39 -0300
Processing by HomeController#index as HTML
  Rendering home/index.html.erb within layouts/application
  Rendered home/index.html.erb within layouts/application (0.2ms)
Completed 200 OK in 12ms (Views: 10.9ms | ActiveRecord: 0.0ms)


Started GET "/" for ::1 at 2019-07-30 09:42:54 -0300
Processing by HomeController#index as HTML
  Rendering home/index.html.erb within layouts/application
  Rendered home/index.html.erb within layouts/application (0.4ms)
Completed 200 OK in 160ms (Views: 159.6ms | ActiveRecord: 0.0ms)


Started GET "/" for ::1 at 2019-07-30 09:43:16 -0300
Processing by HomeController#index as HTML
  Rendering home/index.html.erb within layouts/application
  Rendered home/index.html.erb within layouts/application (0.2ms)
Completed 200 OK in 165ms (Views: 164.3ms | ActiveRecord: 0.0ms)


Started GET "/" for ::1 at 2019-07-30 09:43:26 -0300
Processing by HomeController#index as HTML
  Rendering home/index.html.erb within layouts/application
  Rendered home/index.html.erb within layouts/application (0.3ms)
Completed 200 OK in 168ms (Views: 167.3ms | ActiveRecord: 0.0ms)


Started GET "/" for ::1 at 2019-07-30 09:46:55 -0300
Processing by HomeController#index as HTML
  Rendering home/index.html.erb within layouts/application
  Rendered home/index.html.erb within layouts/application (0.2ms)
Completed 200 OK in 13ms (Views: 12.4ms | ActiveRecord: 0.0ms)


Started GET "/" for ::1 at 2019-07-30 09:49:08 -0300
Processing by HomeController#index as HTML
  Rendering home/index.html.erb within layouts/application
  Rendered home/index.html.erb within layouts/application (0.3ms)
Completed 200 OK in 154ms (Views: 152.6ms | ActiveRecord: 0.0ms)


Started GET "/" for ::1 at 2019-07-30 10:00:26 -0300
Processing by HomeController#index as HTML
  Rendering home/index.html.erb within layouts/application
  Rendered home/index.html.erb within layouts/application (0.2ms)
Completed 200 OK in 160ms (Views: 159.0ms | ActiveRecord: 0.0ms)


